<?xml version="1.0" encoding="UTF-8"?>
<!-- Generated by org.testng.reporters.JUnitReportReporter -->
<testsuite hostname="DESKTOP-5JL3AC0" failures="0" tests="1" name="com.maven.MoveTest" time="0.011" errors="0" timestamp="02 Dec 2018 17:00:56 GMT" skipped="0">
  <testcase classname="com.maven.MoveTest" name="hello" time="0.011"/>
</testsuite> <!-- com.maven.MoveTest -->
